#
# There is insufficient memory for the Java Runtime Environment to continue.
# Native memory allocation (malloc) failed to allocate 1564480 bytes. Error detail: Chunk::new
# Possible reasons:
#   The system is out of physical RAM or swap space
#   This process is running with CompressedOops enabled, and the Java Heap may be blocking the growth of the native heap
# Possible solutions:
#   Reduce memory load on the system
#   Increase physical memory or swap space
#   Check if swap backing store is full
#   Decrease Java heap size (-Xmx/-Xms)
#   Decrease number of Java threads
#   Decrease Java thread stack sizes (-Xss)
#   Set larger code cache with -XX:ReservedCodeCacheSize=
#   JVM is running with Unscaled Compressed Oops mode in which the Java heap is
#     placed in the first 4GB address space. The Java Heap base address is the
#     maximum limit for the native heap growth. Please use -XX:HeapBaseMinAddress
#     to set the Java Heap base and to place the Java Heap above 4GB virtual address.
# This output file may be truncated or incomplete.
#
#  Out of Memory Error (arena.cpp:168), pid=2656, tid=16488
#
# JRE version: OpenJDK Runtime Environment Temurin-21.0.10+7 (21.0.10+7) (build 21.0.10+7-LTS)
# Java VM: OpenJDK 64-Bit Server VM Temurin-21.0.10+7 (21.0.10+7-LTS, mixed mode, sharing, tiered, compressed oops, compressed class ptrs, parallel gc, windows-amd64)
# No core dump will be written. Minidumps are not enabled by default on client versions of Windows
#

---------------  S U M M A R Y ------------

Command Line: --add-modules=ALL-SYSTEM --add-opens=java.base/java.util=ALL-UNNAMED --add-opens=java.base/java.lang=ALL-UNNAMED --add-opens=java.base/sun.nio.fs=ALL-UNNAMED -Declipse.application=org.eclipse.jdt.ls.core.id1 -Dosgi.bundles.defaultStartLevel=4 -Declipse.product=org.eclipse.jdt.ls.core.product -Djava.import.generatesMetadataFilesAtProjectRoot=false -DDetectVMInstallationsJob.disabled=true -Dfile.encoding=utf8 -XX:+UseParallelGC -XX:GCTimeRatio=4 -XX:AdaptiveSizePolicyWeight=90 -Dsun.zip.disableMemoryMapping=true -Xmx2G -Xms100m -Xlog:disable -javaagent:c:\Users\emmmz\.antigravity\extensions\redhat.java-1.54.0-win32-x64\lombok\lombok-1.18.39-4050.jar c:\Users\emmmz\.antigravity\extensions\redhat.java-1.54.0-win32-x64\server\plugins\org.eclipse.equinox.launcher_1.7.100.v20251111-0406.jar -configuration c:\Users\emmmz\AppData\Roaming\Antigravity\User\globalStorage\redhat.java\1.54.0\config_ss_win -data c:\Users\emmmz\AppData\Roaming\Antigravity\User\workspaceStorage\debb8048bde81df6f61a2d5c32a8e99b\redhat.java\ss_ws --pipe=\\.\pipe\lsp-4cec1cb4ba713d1168bf96054bbf4f5b-sock

Host: 11th Gen Intel(R) Core(TM) i5-1135G7 @ 2.40GHz, 8 cores, 7G,  Windows 11 , 64 bit Build 26100 (10.0.26100.8246)
Time: Sun Apr 19 17:41:22 2026 Afr. centrale Ouest elapsed time: 4.552595 seconds (0d 0h 0m 4s)

---------------  T H R E A D  ---------------

Current thread (0x000001c67c80bce0):  JavaThread "C2 CompilerThread1" daemon [_thread_in_native, id=16488, stack(0x0000002d6b400000,0x0000002d6b500000) (1024K)]


Current CompileTask:
C2:4552 5702       4       lombok.core.AST::buildWithField (21 bytes)

Stack: [0x0000002d6b400000,0x0000002d6b500000]
Native frames: (J=compiled Java code, j=interpreted, Vv=VM code, C=native code)
V  [jvm.dll+0x6d7a39]
V  [jvm.dll+0x8b4b26]
V  [jvm.dll+0x8b70de]
V  [jvm.dll+0x8b77c3]
V  [jvm.dll+0x284346]
V  [jvm.dll+0xc66ed]
V  [jvm.dll+0xc6c31]
V  [jvm.dll+0x3bec3b]
V  [jvm.dll+0x38b162]
V  [jvm.dll+0x38a5aa]
V  [jvm.dll+0x24c560]
V  [jvm.dll+0x24bb40]
V  [jvm.dll+0x1cb34e]
V  [jvm.dll+0x25b85d]
V  [jvm.dll+0x259dea]
V  [jvm.dll+0x3f857e]
V  [jvm.dll+0x85f59d]
V  [jvm.dll+0x6d626d]
C  [ucrtbase.dll+0x37b0]
C  [KERNEL32.DLL+0x2e8d7]
C  [ntdll.dll+0x8c3fc]


---------------  P R O C E S S  ---------------

Threads class SMR info:
_java_thread_list=0x000001c67edccaf0, length=34, elements={
0x000001c67331d700, 0x000001c67ad91b90, 0x000001c67ad949c0, 0x000001c67ada32a0,
0x000001c67ada4e40, 0x000001c67ada5fb0, 0x000001c67ada6c90, 0x000001c67adaffc0,
0x000001c67adb39b0, 0x000001c67c80bce0, 0x000001c67c83d6c0, 0x000001c67c8aafa0,
0x000001c67d65bc50, 0x000001c67d1f13e0, 0x000001c67d1b7ae0, 0x000001c67d598750,
0x000001c67d55cb50, 0x000001c67d8479b0, 0x000001c67d6680f0, 0x000001c67d8a8270,
0x000001c67d8a7550, 0x000001c67d8a5480, 0x000001c67d8a6ec0, 0x000001c67d8a6830,
0x000001c67d8a5b10, 0x000001c67d8a61a0, 0x000001c67d8a7be0, 0x000001c67f1f7cc0,
0x000001c67f1f8350, 0x000001c67f1f6fa0, 0x000001c67f1f5560, 0x000001c67f1f4ed0,
0x000001c67f1f6910, 0x000001c67f1f6280
}

Java Threads: ( => current thread )
  0x000001c67331d700 JavaThread "main"                              [_thread_blocked, id=17888, stack(0x0000002d6a800000,0x0000002d6a900000) (1024K)]
  0x000001c67ad91b90 JavaThread "Reference Handler"          daemon [_thread_blocked, id=9472, stack(0x0000002d6ac00000,0x0000002d6ad00000) (1024K)]
  0x000001c67ad949c0 JavaThread "Finalizer"                  daemon [_thread_blocked, id=14104, stack(0x0000002d6ad00000,0x0000002d6ae00000) (1024K)]
  0x000001c67ada32a0 JavaThread "Signal Dispatcher"          daemon [_thread_blocked, id=1732, stack(0x0000002d6ae00000,0x0000002d6af00000) (1024K)]
  0x000001c67ada4e40 JavaThread "Attach Listener"            daemon [_thread_blocked, id=15400, stack(0x0000002d6af00000,0x0000002d6b000000) (1024K)]
  0x000001c67ada5fb0 JavaThread "Service Thread"             daemon [_thread_blocked, id=13936, stack(0x0000002d6b000000,0x0000002d6b100000) (1024K)]
  0x000001c67ada6c90 JavaThread "Monitor Deflation Thread"   daemon [_thread_blocked, id=9744, stack(0x0000002d6b100000,0x0000002d6b200000) (1024K)]
  0x000001c67adaffc0 JavaThread "C2 CompilerThread0"         daemon [_thread_in_native, id=15448, stack(0x0000002d6b200000,0x0000002d6b300000) (1024K)]
  0x000001c67adb39b0 JavaThread "C1 CompilerThread0"         daemon [_thread_in_native, id=14152, stack(0x0000002d6b300000,0x0000002d6b400000) (1024K)]
=>0x000001c67c80bce0 JavaThread "C2 CompilerThread1"         daemon [_thread_in_native, id=16488, stack(0x0000002d6b400000,0x0000002d6b500000) (1024K)]
  0x000001c67c83d6c0 JavaThread "Common-Cleaner"             daemon [_thread_blocked, id=7520, stack(0x0000002d6b500000,0x0000002d6b600000) (1024K)]
  0x000001c67c8aafa0 JavaThread "Notification Thread"        daemon [_thread_blocked, id=17100, stack(0x0000002d6b600000,0x0000002d6b700000) (1024K)]
  0x000001c67d65bc50 JavaThread "Active Thread: Equinox Container: 9a0a0a19-314a-4b94-9ef5-ca1f952e60a4"        [_thread_blocked, id=19352, stack(0x0000002d6be00000,0x0000002d6bf00000) (1024K)]
  0x000001c67d1f13e0 JavaThread "Framework Event Dispatcher: Equinox Container: 9a0a0a19-314a-4b94-9ef5-ca1f952e60a4" daemon [_thread_blocked, id=11220, stack(0x0000002d6bf00000,0x0000002d6c000000) (1024K)]
  0x000001c67d1b7ae0 JavaThread "Start Level: Equinox Container: 9a0a0a19-314a-4b94-9ef5-ca1f952e60a4" daemon [_thread_blocked, id=14620, stack(0x0000002d6c000000,0x0000002d6c100000) (1024K)]
  0x000001c67d598750 JavaThread "SCR Component Actor"        daemon [_thread_blocked, id=796, stack(0x0000002d6c200000,0x0000002d6c300000) (1024K)]
  0x000001c67d55cb50 JavaThread "Worker-JM"                         [_thread_blocked, id=15284, stack(0x0000002d6c300000,0x0000002d6c400000) (1024K)]
  0x000001c67d8479b0 JavaThread "JNA Cleaner"                daemon [_thread_blocked, id=7460, stack(0x0000002d6c400000,0x0000002d6c500000) (1024K)]
  0x000001c67d6680f0 JavaThread "Worker-0"                          [_thread_blocked, id=4080, stack(0x0000002d6c500000,0x0000002d6c600000) (1024K)]
  0x000001c67d8a8270 JavaThread "Worker-1"                          [_thread_blocked, id=19072, stack(0x0000002d6c600000,0x0000002d6c700000) (1024K)]
  0x000001c67d8a7550 JavaThread "Thread-1"                   daemon [_thread_in_native, id=8404, stack(0x0000002d6c900000,0x0000002d6ca00000) (1024K)]
  0x000001c67d8a5480 JavaThread "Thread-2"                   daemon [_thread_in_native, id=9380, stack(0x0000002d6ca00000,0x0000002d6cb00000) (1024K)]
  0x000001c67d8a6ec0 JavaThread "Thread-3"                   daemon [_thread_in_native, id=15644, stack(0x0000002d6cb00000,0x0000002d6cc00000) (1024K)]
  0x000001c67d8a6830 JavaThread "Thread-4"                   daemon [_thread_in_native, id=3996, stack(0x0000002d6cc00000,0x0000002d6cd00000) (1024K)]
  0x000001c67d8a5b10 JavaThread "Thread-5"                   daemon [_thread_in_native, id=10680, stack(0x0000002d6cd00000,0x0000002d6ce00000) (1024K)]
  0x000001c67d8a61a0 JavaThread "Thread-6"                   daemon [_thread_in_native, id=9344, stack(0x0000002d6ce00000,0x0000002d6cf00000) (1024K)]
  0x000001c67d8a7be0 JavaThread "Thread-7"                   daemon [_thread_in_native, id=13232, stack(0x0000002d6cf00000,0x0000002d6d000000) (1024K)]
  0x000001c67f1f7cc0 JavaThread "Thread-8"                   daemon [_thread_in_native, id=9936, stack(0x0000002d6d000000,0x0000002d6d100000) (1024K)]
  0x000001c67f1f8350 JavaThread "Thread-9"                   daemon [_thread_in_native, id=10136, stack(0x0000002d6d100000,0x0000002d6d200000) (1024K)]
  0x000001c67f1f6fa0 JavaThread "pool-2-thread-1"                   [_thread_blocked, id=14744, stack(0x0000002d6d200000,0x0000002d6d300000) (1024K)]
  0x000001c67f1f5560 JavaThread "Worker-2"                          [_thread_blocked, id=19028, stack(0x0000002d6d300000,0x0000002d6d400000) (1024K)]
  0x000001c67f1f4ed0 JavaThread "Worker-3: Building"                [_thread_in_vm, id=9864, stack(0x0000002d6d400000,0x0000002d6d500000) (1024K)]
  0x000001c67f1f6910 JavaThread "WorkspaceEventsHandler"            [_thread_blocked, id=5540, stack(0x0000002d6d500000,0x0000002d6d600000) (1024K)]
  0x000001c67f1f6280 JavaThread "pool-1-thread-1"                   [_thread_in_vm, id=10220, stack(0x0000002d6d600000,0x0000002d6d700000) (1024K)]
Total: 34

Other Threads:
  0x000001c6733de9a0 VMThread "VM Thread"                           [id=9720, stack(0x0000002d6ab00000,0x0000002d6ac00000) (1024K)]
  0x000001c67338b200 WatcherThread "VM Periodic Task Thread"        [id=17328, stack(0x0000002d6aa00000,0x0000002d6ab00000) (1024K)]
  0x000001c67333e4b0 WorkerThread "GC Thread#0"                     [id=19404, stack(0x0000002d6a900000,0x0000002d6aa00000) (1024K)]
  0x000001c67d312250 WorkerThread "GC Thread#1"                     [id=15024, stack(0x0000002d6b800000,0x0000002d6b900000) (1024K)]
  0x000001c67c9b8430 WorkerThread "GC Thread#2"                     [id=7144, stack(0x0000002d6b900000,0x0000002d6ba00000) (1024K)]
  0x000001c67d312600 WorkerThread "GC Thread#3"                     [id=15044, stack(0x0000002d6ba00000,0x0000002d6bb00000) (1024K)]
  0x000001c67c9b9fe0 WorkerThread "GC Thread#4"                     [id=144, stack(0x0000002d6bb00000,0x0000002d6bc00000) (1024K)]
  0x000001c67d2574e0 WorkerThread "GC Thread#5"                     [id=14848, stack(0x0000002d6bc00000,0x0000002d6bd00000) (1024K)]
  0x000001c67d257890 WorkerThread "GC Thread#6"                     [id=3600, stack(0x0000002d6bd00000,0x0000002d6be00000) (1024K)]
  0x000001c67d2c6310 WorkerThread "GC Thread#7"                     [id=8844, stack(0x0000002d6c100000,0x0000002d6c200000) (1024K)]
Total: 10

Threads with active compile tasks:
C2 CompilerThread0  5572 5703   !   4       lombok.core.AST::buildWithField0 (121 bytes)
C1 CompilerThread0  5572 5980       2       java.util.HashMap::clear (50 bytes)
C2 CompilerThread1  5572 5702       4       lombok.core.AST::buildWithField (21 bytes)
Total: 3

VM state: not at safepoint (normal execution)

VM Mutex/Monitor currently owned by a thread: None

Heap address: 0x0000000080000000, size: 2048 MB, Compressed Oops mode: 32-bit

CDS archive(s) mapped at: [0x000001c60f000000-0x000001c60fba0000-0x000001c60fba0000), size 12189696, SharedBaseAddress: 0x000001c60f000000, ArchiveRelocationMode: 1.
Compressed class space mapped at: 0x000001c610000000-0x000001c650000000, reserved size: 1073741824
Narrow klass base: 0x000001c60f000000, Narrow klass shift: 0, Narrow klass range: 0x100000000

GC Precious Log:
 CardTable entry size: 512
 CPUs: 8 total, 8 available
 Memory: 7991M
 Large Page Support: Disabled
 NUMA Support: Disabled
 Compressed Oops: Enabled (32-bit)
 Alignments: Space 512K, Generation 512K, Heap 2M
 Heap Min Capacity: 100M
 Heap Initial Capacity: 100M
 Heap Max Capacity: 2G
 Pre-touch: Disabled
 Parallel Workers: 8

Heap:
 PSYoungGen      total 22528K, used 20385K [0x00000000d5580000, 0x00000000d7000000, 0x0000000100000000)
  eden space 20992K, 89% used [0x00000000d5580000,0x00000000d67ef710,0x00000000d6a00000)
  from space 1536K, 98% used [0x00000000d6b80000,0x00000000d6cf9038,0x00000000d6d00000)
  to   space 3072K, 0% used [0x00000000d6d00000,0x00000000d6d00000,0x00000000d7000000)
 ParOldGen       total 68608K, used 32503K [0x0000000080000000, 0x0000000084300000, 0x00000000d5580000)
  object space 68608K, 47% used [0x0000000080000000,0x0000000081fbdf08,0x0000000084300000)
 Metaspace       used 42234K, committed 43264K, reserved 1114112K
  class space    used 4215K, committed 4736K, reserved 1048576K

Card table byte_map: [0x000001c672ce0000,0x000001c6730f0000] _byte_map_base: 0x000001c6728e0000

Marking Bits: (ParMarkBitMap*) 0x00007ffeb1b53450
 Begin Bits: [0x000001c6767d0000, 0x000001c6787d0000)
 End Bits:   [0x000001c6787d0000, 0x000001c67a7d0000)

Polling page: 0x000001c6715a0000

Metaspace:

Usage:
  Non-class:     37.13 MB used.
      Class:      4.12 MB used.
       Both:     41.24 MB used.

Virtual space:
  Non-class space:       64.00 MB reserved,      37.62 MB ( 59%) committed,  1 nodes.
      Class space:        1.00 GB reserved,       4.62 MB ( <1%) committed,  1 nodes.
             Both:        1.06 GB reserved,      42.25 MB (  4%) committed. 

Chunk freelists:
   Non-Class:  10.10 MB
       Class:  11.35 MB
        Both:  21.45 MB

MaxMetaspaceSize: unlimited
CompressedClassSpaceSize: 1.00 GB
Initial GC threshold: 21.00 MB
Current GC threshold: 58.38 MB
CDS: on
 - commit_granule_bytes: 65536.
 - commit_granule_words: 8192.
 - virtual_space_node_default_size: 8388608.
 - enlarge_chunks_in_place: 1.
 - use_allocation_guard: 0.


Internal statistics:

num_allocs_failed_limit: 6.
num_arena_births: 832.
num_arena_deaths: 14.
num_vsnodes_births: 2.
num_vsnodes_deaths: 0.
num_space_committed: 676.
num_space_uncommitted: 0.
num_chunks_returned_to_freelist: 20.
num_chunks_taken_from_freelist: 2619.
num_chunk_merges: 12.
num_chunk_splits: 1671.
num_chunks_enlarged: 1059.
num_inconsistent_stats: 0.

CodeHeap 'non-profiled nmethods': size=120000Kb used=3182Kb max_used=3182Kb free=116817Kb
 bounds [0x000001c607ad0000, 0x000001c607df0000, 0x000001c60f000000]
CodeHeap 'profiled nmethods': size=120000Kb used=11703Kb max_used=11703Kb free=108296Kb
 bounds [0x000001c600000000, 0x000001c600b70000, 0x000001c607530000]
CodeHeap 'non-nmethods': size=5760Kb used=1413Kb max_used=1443Kb free=4346Kb
 bounds [0x000001c607530000, 0x000001c6077a0000, 0x000001c607ad0000]
CodeCache: size=245760Kb, used=16298Kb, max_used=16328Kb, free=229459Kb
 total_blobs=6274, nmethods=5563, adapters=617, full_count=0
Compilation: enabled, stopped_count=0, restarted_count=0

Compilation events (20 events):
Event: 4.496 Thread 0x000001c67adb39b0 nmethod 5900 0x000001c600b4de90 code [0x000001c600b4e0a0, 0x000001c600b4e5f8]
Event: 4.496 Thread 0x000001c67adb39b0 5901       2       lombok.core.AnnotationValues$1::<init> (10 bytes)
Event: 4.496 Thread 0x000001c67adb39b0 nmethod 5901 0x000001c600b4ea10 code [0x000001c600b4eba0, 0x000001c600b4ecc0]
Event: 4.496 Thread 0x000001c67adb39b0 5904       2       org.eclipse.jdt.internal.compiler.lookup.MethodBinding::isAbstract (15 bytes)
Event: 4.496 Thread 0x000001c67adb39b0 nmethod 5904 0x000001c600b4ed90 code [0x000001c600b4ef40, 0x000001c600b4f088]
Event: 4.496 Thread 0x000001c67adb39b0 5902       2       org.eclipse.jdt.internal.compiler.ast.AbstractMethodDeclaration::arguments (5 bytes)
Event: 4.496 Thread 0x000001c67adb39b0 nmethod 5902 0x000001c600b4f110 code [0x000001c600b4f2a0, 0x000001c600b4f3a8]
Event: 4.496 Thread 0x000001c67adb39b0 5903       2       org.eclipse.jdt.internal.compiler.lookup.TypeBinding::isAnonymousType (17 bytes)
Event: 4.496 Thread 0x000001c67adb39b0 nmethod 5903 0x000001c600b4f410 code [0x000001c600b4f5c0, 0x000001c600b4f710]
Event: 4.496 Thread 0x000001c67adb39b0 5905       2       org.eclipse.jdt.internal.compiler.lookup.MethodScope::problemReporter (18 bytes)
Event: 4.497 Thread 0x000001c67adb39b0 nmethod 5905 0x000001c600b4f790 code [0x000001c600b4f920, 0x000001c600b4fa60]
Event: 4.497 Thread 0x000001c67adb39b0 5907       2       org.eclipse.jdt.internal.compiler.lookup.Scope::enclosingReceiverType (38 bytes)
Event: 4.497 Thread 0x000001c67adb39b0 nmethod 5907 0x000001c600b4fb90 code [0x000001c600b4fd60, 0x000001c600b4fff8]
Event: 4.497 Thread 0x000001c67adb39b0 5908       2       org.eclipse.jdt.internal.compiler.lookup.LookupEnvironment::convertToParameterizedType (89 bytes)
Event: 4.497 Thread 0x000001c67adb39b0 nmethod 5908 0x000001c600b50190 code [0x000001c600b503c0, 0x000001c600b50720]
Event: 4.497 Thread 0x000001c67adb39b0 5911       2       org.eclipse.jdt.internal.compiler.lookup.TypeSystem$HashedParameterizedTypes::get (249 bytes)
Event: 4.498 Thread 0x000001c67adb39b0 nmethod 5911 0x000001c600b50910 code [0x000001c600b50b60, 0x000001c600b51478]
Event: 4.498 Thread 0x000001c67adb39b0 5913       2       org.eclipse.jdt.internal.core.util.Util::indexOfJavaRelatedExtension (112 bytes)
Event: 4.498 Thread 0x000001c67adb39b0 nmethod 5913 0x000001c600b51a90 code [0x000001c600b51c60, 0x000001c600b52130]
Event: 4.498 Thread 0x000001c67adb39b0 5912       2       org.eclipse.jdt.internal.compiler.lookup.LookupEnvironment::computePackageFrom (584 bytes)

GC Heap History (20 events):
Event: 3.045 GC heap before
{Heap before GC invocations=16 (full 1):
 PSYoungGen      total 22528K, used 22528K [0x00000000d5580000, 0x00000000d7400000, 0x0000000100000000)
  eden space 20992K, 100% used [0x00000000d5580000,0x00000000d6a00000,0x00000000d6a00000)
  from space 1536K, 100% used [0x00000000d6e80000,0x00000000d7000000,0x00000000d7000000)
  to   space 4608K, 0% used [0x00000000d6a00000,0x00000000d6a00000,0x00000000d6e80000)
 ParOldGen       total 68608K, used 23116K [0x0000000080000000, 0x0000000084300000, 0x00000000d5580000)
  object space 68608K, 33% used [0x0000000080000000,0x0000000081693230,0x0000000084300000)
 Metaspace       used 31959K, committed 32896K, reserved 1114112K
  class space    used 3229K, committed 3648K, reserved 1048576K
}
Event: 3.048 GC heap after
{Heap after GC invocations=16 (full 1):
 PSYoungGen      total 23552K, used 2080K [0x00000000d5580000, 0x00000000d7000000, 0x0000000100000000)
  eden space 20992K, 0% used [0x00000000d5580000,0x00000000d5580000,0x00000000d6a00000)
  from space 2560K, 81% used [0x00000000d6a00000,0x00000000d6c08010,0x00000000d6c80000)
  to   space 3072K, 0% used [0x00000000d6d00000,0x00000000d6d00000,0x00000000d7000000)
 ParOldGen       total 68608K, used 24676K [0x0000000080000000, 0x0000000084300000, 0x00000000d5580000)
  object space 68608K, 35% used [0x0000000080000000,0x0000000081819230,0x0000000084300000)
 Metaspace       used 31959K, committed 32896K, reserved 1114112K
  class space    used 3229K, committed 3648K, reserved 1048576K
}
Event: 3.094 GC heap before
{Heap before GC invocations=17 (full 1):
 PSYoungGen      total 23552K, used 23072K [0x00000000d5580000, 0x00000000d7000000, 0x0000000100000000)
  eden space 20992K, 100% used [0x00000000d5580000,0x00000000d6a00000,0x00000000d6a00000)
  from space 2560K, 81% used [0x00000000d6a00000,0x00000000d6c08010,0x00000000d6c80000)
  to   space 3072K, 0% used [0x00000000d6d00000,0x00000000d6d00000,0x00000000d7000000)
 ParOldGen       total 68608K, used 24676K [0x0000000080000000, 0x0000000084300000, 0x00000000d5580000)
  object space 68608K, 35% used [0x0000000080000000,0x0000000081819230,0x0000000084300000)
 Metaspace       used 31979K, committed 32960K, reserved 1114112K
  class space    used 3229K, committed 3648K, reserved 1048576K
}
Event: 3.098 GC heap after
{Heap after GC invocations=17 (full 1):
 PSYoungGen      total 23040K, used 1848K [0x00000000d5580000, 0x00000000d6f00000, 0x0000000100000000)
  eden space 20992K, 0% used [0x00000000d5580000,0x00000000d5580000,0x00000000d6a00000)
  from space 2048K, 90% used [0x00000000d6d00000,0x00000000d6ece200,0x00000000d6f00000)
  to   space 2560K, 0% used [0x00000000d6a00000,0x00000000d6a00000,0x00000000d6c80000)
 ParOldGen       total 68608K, used 26636K [0x0000000080000000, 0x0000000084300000, 0x00000000d5580000)
  object space 68608K, 38% used [0x0000000080000000,0x0000000081a03240,0x0000000084300000)
 Metaspace       used 31979K, committed 32960K, reserved 1114112K
  class space    used 3229K, committed 3648K, reserved 1048576K
}
Event: 3.366 GC heap before
{Heap before GC invocations=18 (full 1):
 PSYoungGen      total 23040K, used 22840K [0x00000000d5580000, 0x00000000d6f00000, 0x0000000100000000)
  eden space 20992K, 100% used [0x00000000d5580000,0x00000000d6a00000,0x00000000d6a00000)
  from space 2048K, 90% used [0x00000000d6d00000,0x00000000d6ece200,0x00000000d6f00000)
  to   space 2560K, 0% used [0x00000000d6a00000,0x00000000d6a00000,0x00000000d6c80000)
 ParOldGen       total 68608K, used 26636K [0x0000000080000000, 0x0000000084300000, 0x00000000d5580000)
  object space 68608K, 38% used [0x0000000080000000,0x0000000081a03240,0x0000000084300000)
 Metaspace       used 34377K, committed 35328K, reserved 1114112K
  class space    used 3486K, committed 3904K, reserved 1048576K
}
Event: 3.370 GC heap after
{Heap after GC invocations=18 (full 1):
 PSYoungGen      total 23552K, used 2539K [0x00000000d5580000, 0x00000000d7500000, 0x0000000100000000)
  eden space 20992K, 0% used [0x00000000d5580000,0x00000000d5580000,0x00000000d6a00000)
  from space 2560K, 99% used [0x00000000d6a00000,0x00000000d6c7ae58,0x00000000d6c80000)
  to   space 5632K, 0% used [0x00000000d6f80000,0x00000000d6f80000,0x00000000d7500000)
 ParOldGen       total 68608K, used 29005K [0x0000000080000000, 0x0000000084300000, 0x00000000d5580000)
  object space 68608K, 42% used [0x0000000080000000,0x0000000081c53440,0x0000000084300000)
 Metaspace       used 34377K, committed 35328K, reserved 1114112K
  class space    used 3486K, committed 3904K, reserved 1048576K
}
Event: 3.469 GC heap before
{Heap before GC invocations=19 (full 1):
 PSYoungGen      total 23552K, used 13477K [0x00000000d5580000, 0x00000000d7500000, 0x0000000100000000)
  eden space 20992K, 52% used [0x00000000d5580000,0x00000000d602e5f0,0x00000000d6a00000)
  from space 2560K, 99% used [0x00000000d6a00000,0x00000000d6c7ae58,0x00000000d6c80000)
  to   space 5632K, 0% used [0x00000000d6f80000,0x00000000d6f80000,0x00000000d7500000)
 ParOldGen       total 68608K, used 29005K [0x0000000080000000, 0x0000000084300000, 0x00000000d5580000)
  object space 68608K, 42% used [0x0000000080000000,0x0000000081c53440,0x0000000084300000)
 Metaspace       used 34877K, committed 35840K, reserved 1114112K
  class space    used 3547K, committed 3968K, reserved 1048576K
}
Event: 3.471 GC heap after
{Heap after GC invocations=19 (full 1):
 PSYoungGen      total 21504K, used 354K [0x00000000d5580000, 0x00000000d7000000, 0x0000000100000000)
  eden space 20992K, 0% used [0x00000000d5580000,0x00000000d5580000,0x00000000d6a00000)
  from space 512K, 69% used [0x00000000d6f80000,0x00000000d6fd88a8,0x00000000d7000000)
  to   space 2048K, 0% used [0x00000000d6c00000,0x00000000d6c00000,0x00000000d6e00000)
 ParOldGen       total 68608K, used 31553K [0x0000000080000000, 0x0000000084300000, 0x00000000d5580000)
  object space 68608K, 45% used [0x0000000080000000,0x0000000081ed0610,0x0000000084300000)
 Metaspace       used 34877K, committed 35840K, reserved 1114112K
  class space    used 3547K, committed 3968K, reserved 1048576K
}
Event: 3.471 GC heap before
{Heap before GC invocations=20 (full 2):
 PSYoungGen      total 21504K, used 354K [0x00000000d5580000, 0x00000000d7000000, 0x0000000100000000)
  eden space 20992K, 0% used [0x00000000d5580000,0x00000000d5580000,0x00000000d6a00000)
  from space 512K, 69% used [0x00000000d6f80000,0x00000000d6fd88a8,0x00000000d7000000)
  to   space 2048K, 0% used [0x00000000d6c00000,0x00000000d6c00000,0x00000000d6e00000)
 ParOldGen       total 68608K, used 31553K [0x0000000080000000, 0x0000000084300000, 0x00000000d5580000)
  object space 68608K, 45% used [0x0000000080000000,0x0000000081ed0610,0x0000000084300000)
 Metaspace       used 34877K, committed 35840K, reserved 1114112K
  class space    used 3547K, committed 3968K, reserved 1048576K
}
Event: 3.520 GC heap after
{Heap after GC invocations=20 (full 2):
 PSYoungGen      total 21504K, used 0K [0x00000000d5580000, 0x00000000d7000000, 0x0000000100000000)
  eden space 20992K, 0% used [0x00000000d5580000,0x00000000d5580000,0x00000000d6a00000)
  from space 512K, 0% used [0x00000000d6f80000,0x00000000d6f80000,0x00000000d7000000)
  to   space 2048K, 0% used [0x00000000d6c00000,0x00000000d6c00000,0x00000000d6e00000)
 ParOldGen       total 68608K, used 30153K [0x0000000080000000, 0x0000000084300000, 0x00000000d5580000)
  object space 68608K, 43% used [0x0000000080000000,0x0000000081d72548,0x0000000084300000)
 Metaspace       used 34877K, committed 35840K, reserved 1114112K
  class space    used 3547K, committed 3968K, reserved 1048576K
}
Event: 3.757 GC heap before
{Heap before GC invocations=21 (full 2):
 PSYoungGen      total 21504K, used 20992K [0x00000000d5580000, 0x00000000d7000000, 0x0000000100000000)
  eden space 20992K, 100% used [0x00000000d5580000,0x00000000d6a00000,0x00000000d6a00000)
  from space 512K, 0% used [0x00000000d6f80000,0x00000000d6f80000,0x00000000d7000000)
  to   space 2048K, 0% used [0x00000000d6c00000,0x00000000d6c00000,0x00000000d6e00000)
 ParOldGen       total 68608K, used 30153K [0x0000000080000000, 0x0000000084300000, 0x00000000d5580000)
  object space 68608K, 43% used [0x0000000080000000,0x0000000081d72548,0x0000000084300000)
 Metaspace       used 36357K, committed 37376K, reserved 1114112K
  class space    used 3707K, committed 4160K, reserved 1048576K
}
Event: 3.758 GC heap after
{Heap after GC invocations=21 (full 2):
 PSYoungGen      total 23040K, used 1817K [0x00000000d5580000, 0x00000000d7000000, 0x0000000100000000)
  eden space 20992K, 0% used [0x00000000d5580000,0x00000000d5580000,0x00000000d6a00000)
  from space 2048K, 88% used [0x00000000d6c00000,0x00000000d6dc6470,0x00000000d6e00000)
  to   space 2048K, 0% used [0x00000000d6e00000,0x00000000d6e00000,0x00000000d7000000)
 ParOldGen       total 68608K, used 30161K [0x0000000080000000, 0x0000000084300000, 0x00000000d5580000)
  object space 68608K, 43% used [0x0000000080000000,0x0000000081d74548,0x0000000084300000)
 Metaspace       used 36357K, committed 37376K, reserved 1114112K
  class space    used 3707K, committed 4160K, reserved 1048576K
}
Event: 3.806 GC heap before
{Heap before GC invocations=22 (full 2):
 PSYoungGen      total 23040K, used 22809K [0x00000000d5580000, 0x00000000d7000000, 0x0000000100000000)
  eden space 20992K, 100% used [0x00000000d5580000,0x00000000d6a00000,0x00000000d6a00000)
  from space 2048K, 88% used [0x00000000d6c00000,0x00000000d6dc6470,0x00000000d6e00000)
  to   space 2048K, 0% used [0x00000000d6e00000,0x00000000d6e00000,0x00000000d7000000)
 ParOldGen       total 68608K, used 30161K [0x0000000080000000, 0x0000000084300000, 0x00000000d5580000)
  object space 68608K, 43% used [0x0000000080000000,0x0000000081d74548,0x0000000084300000)
 Metaspace       used 36395K, committed 37376K, reserved 1114112K
  class space    used 3708K, committed 4160K, reserved 1048576K
}
Event: 3.807 GC heap after
{Heap after GC invocations=22 (full 2):
 PSYoungGen      total 22016K, used 982K [0x00000000d5580000, 0x00000000d6f00000, 0x0000000100000000)
  eden space 20992K, 0% used [0x00000000d5580000,0x00000000d5580000,0x00000000d6a00000)
  from space 1024K, 95% used [0x00000000d6e00000,0x00000000d6ef59b8,0x00000000d6f00000)
  to   space 1536K, 0% used [0x00000000d6c00000,0x00000000d6c00000,0x00000000d6d80000)
 ParOldGen       total 68608K, used 30962K [0x0000000080000000, 0x0000000084300000, 0x00000000d5580000)
  object space 68608K, 45% used [0x0000000080000000,0x0000000081e3cba8,0x0000000084300000)
 Metaspace       used 36395K, committed 37376K, reserved 1114112K
  class space    used 3708K, committed 4160K, reserved 1048576K
}
Event: 3.916 GC heap before
{Heap before GC invocations=23 (full 2):
 PSYoungGen      total 22016K, used 21974K [0x00000000d5580000, 0x00000000d6f00000, 0x0000000100000000)
  eden space 20992K, 100% used [0x00000000d5580000,0x00000000d6a00000,0x00000000d6a00000)
  from space 1024K, 95% used [0x00000000d6e00000,0x00000000d6ef59b8,0x00000000d6f00000)
  to   space 1536K, 0% used [0x00000000d6c00000,0x00000000d6c00000,0x00000000d6d80000)
 ParOldGen       total 68608K, used 30962K [0x0000000080000000, 0x0000000084300000, 0x00000000d5580000)
  object space 68608K, 45% used [0x0000000080000000,0x0000000081e3cba8,0x0000000084300000)
 Metaspace       used 37883K, committed 38848K, reserved 1114112K
  class space    used 3837K, committed 4288K, reserved 1048576K
}
Event: 3.916 GC heap after
{Heap after GC invocations=23 (full 2):
 PSYoungGen      total 22528K, used 385K [0x00000000d5580000, 0x00000000d6e80000, 0x0000000100000000)
  eden space 20992K, 0% used [0x00000000d5580000,0x00000000d5580000,0x00000000d6a00000)
  from space 1536K, 25% used [0x00000000d6c00000,0x00000000d6c60468,0x00000000d6d80000)
  to   space 1024K, 0% used [0x00000000d6d80000,0x00000000d6d80000,0x00000000d6e80000)
 ParOldGen       total 68608K, used 30994K [0x0000000080000000, 0x0000000084300000, 0x00000000d5580000)
  object space 68608K, 45% used [0x0000000080000000,0x0000000081e44ba8,0x0000000084300000)
 Metaspace       used 37883K, committed 38848K, reserved 1114112K
  class space    used 3837K, committed 4288K, reserved 1048576K
}
Event: 4.180 GC heap before
{Heap before GC invocations=24 (full 2):
 PSYoungGen      total 22528K, used 21377K [0x00000000d5580000, 0x00000000d6e80000, 0x0000000100000000)
  eden space 20992K, 100% used [0x00000000d5580000,0x00000000d6a00000,0x00000000d6a00000)
  from space 1536K, 25% used [0x00000000d6c00000,0x00000000d6c60468,0x00000000d6d80000)
  to   space 1024K, 0% used [0x00000000d6d80000,0x00000000d6d80000,0x00000000d6e80000)
 ParOldGen       total 68608K, used 30994K [0x0000000080000000, 0x0000000084300000, 0x00000000d5580000)
  object space 68608K, 45% used [0x0000000080000000,0x0000000081e44ba8,0x0000000084300000)
 Metaspace       used 40625K, committed 41600K, reserved 1114112K
  class space    used 4130K, committed 4544K, reserved 1048576K
}
Event: 4.181 GC heap after
{Heap after GC invocations=24 (full 2):
 PSYoungGen      total 22016K, used 992K [0x00000000d5580000, 0x00000000d6e80000, 0x0000000100000000)
  eden space 20992K, 0% used [0x00000000d5580000,0x00000000d5580000,0x00000000d6a00000)
  from space 1024K, 96% used [0x00000000d6d80000,0x00000000d6e78018,0x00000000d6e80000)
  to   space 1536K, 0% used [0x00000000d6b80000,0x00000000d6b80000,0x00000000d6d00000)
 ParOldGen       total 68608K, used 31312K [0x0000000080000000, 0x0000000084300000, 0x00000000d5580000)
  object space 68608K, 45% used [0x0000000080000000,0x0000000081e94028,0x0000000084300000)
 Metaspace       used 40625K, committed 41600K, reserved 1114112K
  class space    used 4130K, committed 4544K, reserved 1048576K
}
Event: 4.374 GC heap before
{Heap before GC invocations=25 (full 2):
 PSYoungGen      total 22016K, used 21984K [0x00000000d5580000, 0x00000000d6e80000, 0x0000000100000000)
  eden space 20992K, 100% used [0x00000000d5580000,0x00000000d6a00000,0x00000000d6a00000)
  from space 1024K, 96% used [0x00000000d6d80000,0x00000000d6e78018,0x00000000d6e80000)
  to   space 1536K, 0% used [0x00000000d6b80000,0x00000000d6b80000,0x00000000d6d00000)
 ParOldGen       total 68608K, used 31312K [0x0000000080000000, 0x0000000084300000, 0x00000000d5580000)
  object space 68608K, 45% used [0x0000000080000000,0x0000000081e94028,0x0000000084300000)
 Metaspace       used 41796K, committed 42816K, reserved 1114112K
  class space    used 4186K, committed 4672K, reserved 1048576K
}
Event: 4.376 GC heap after
{Heap after GC invocations=25 (full 2):
 PSYoungGen      total 22528K, used 1508K [0x00000000d5580000, 0x00000000d7000000, 0x0000000100000000)
  eden space 20992K, 0% used [0x00000000d5580000,0x00000000d5580000,0x00000000d6a00000)
  from space 1536K, 98% used [0x00000000d6b80000,0x00000000d6cf9038,0x00000000d6d00000)
  to   space 3072K, 0% used [0x00000000d6d00000,0x00000000d6d00000,0x00000000d7000000)
 ParOldGen       total 68608K, used 32503K [0x0000000080000000, 0x0000000084300000, 0x00000000d5580000)
  object space 68608K, 47% used [0x0000000080000000,0x0000000081fbdf08,0x0000000084300000)
 Metaspace       used 41796K, committed 42816K, reserved 1114112K
  class space    used 4186K, committed 4672K, reserved 1048576K
}

Dll operation events (10 events):
Event: 0.006 Loaded shared library c:\Users\emmmz\.antigravity\extensions\redhat.java-1.54.0-win32-x64\jre\21.0.10-win32-x86_64\bin\java.dll
Event: 0.044 Loaded shared library c:\Users\emmmz\.antigravity\extensions\redhat.java-1.54.0-win32-x64\jre\21.0.10-win32-x86_64\bin\zip.dll
Event: 0.060 Loaded shared library C:\Users\emmmz\.antigravity\extensions\redhat.java-1.54.0-win32-x64\jre\21.0.10-win32-x86_64\bin\instrument.dll
Event: 0.064 Loaded shared library C:\Users\emmmz\.antigravity\extensions\redhat.java-1.54.0-win32-x64\jre\21.0.10-win32-x86_64\bin\net.dll
Event: 0.066 Loaded shared library C:\Users\emmmz\.antigravity\extensions\redhat.java-1.54.0-win32-x64\jre\21.0.10-win32-x86_64\bin\nio.dll
Event: 0.069 Loaded shared library C:\Users\emmmz\.antigravity\extensions\redhat.java-1.54.0-win32-x64\jre\21.0.10-win32-x86_64\bin\zip.dll
Event: 0.085 Loaded shared library C:\Users\emmmz\.antigravity\extensions\redhat.java-1.54.0-win32-x64\jre\21.0.10-win32-x86_64\bin\jimage.dll
Event: 0.150 Loaded shared library c:\Users\emmmz\.antigravity\extensions\redhat.java-1.54.0-win32-x64\jre\21.0.10-win32-x86_64\bin\verify.dll
Event: 0.874 Loaded shared library C:\Users\emmmz\AppData\Roaming\Antigravity\User\globalStorage\redhat.java\1.54.0\config_ss_win\org.eclipse.equinox.launcher\org.eclipse.equinox.launcher.win32.win32.x86_64_1.3.0.v20260203-2149\eclipse_11919.dll
Event: 1.636 Loaded shared library C:\Users\emmmz\AppData\Local\Temp\jna-96631090\jna10302153901155914106.dll

Deoptimization events (20 events):
Event: 4.458 Thread 0x000001c67f1f6280 Uncommon trap: trap_request=0xffffffc6 fr.pc=0x000001c607da0ac8 relative=0x00000000000003a8
Event: 4.458 Thread 0x000001c67f1f6280 Uncommon trap: reason=bimorphic_or_optimized_type_check action=maybe_recompile pc=0x000001c607da0ac8 method=java.lang.reflect.Field.get(Ljava/lang/Object;)Ljava/lang/Object; @ 33 c2
Event: 4.458 Thread 0x000001c67f1f6280 DEOPT PACKING pc=0x000001c607da0ac8 sp=0x0000002d6d6fc5e0
Event: 4.458 Thread 0x000001c67f1f6280 DEOPT UNPACKING pc=0x000001c607586da2 sp=0x0000002d6d6fc580 mode 2
Event: 4.459 Thread 0x000001c67f1f6280 Uncommon trap: trap_request=0xffffff45 fr.pc=0x000001c607dae264 relative=0x0000000000000a24
Event: 4.459 Thread 0x000001c67f1f6280 Uncommon trap: reason=unstable_if action=reinterpret pc=0x000001c607dae264 method=lombok.eclipse.EclipseNode.traverse(Llombok/eclipse/EclipseASTVisitor;)V @ 408 c2
Event: 4.459 Thread 0x000001c67f1f6280 DEOPT PACKING pc=0x000001c607dae264 sp=0x0000002d6d6fc490
Event: 4.459 Thread 0x000001c67f1f6280 DEOPT UNPACKING pc=0x000001c607586da2 sp=0x0000002d6d6fc438 mode 2
Event: 4.467 Thread 0x000001c67f1f6280 Uncommon trap: trap_request=0xffffffc6 fr.pc=0x000001c607da0ac8 relative=0x00000000000003a8
Event: 4.467 Thread 0x000001c67f1f6280 Uncommon trap: reason=bimorphic_or_optimized_type_check action=maybe_recompile pc=0x000001c607da0ac8 method=java.lang.reflect.Field.get(Ljava/lang/Object;)Ljava/lang/Object; @ 33 c2
Event: 4.467 Thread 0x000001c67f1f6280 DEOPT PACKING pc=0x000001c607da0ac8 sp=0x0000002d6d6fcd20
Event: 4.467 Thread 0x000001c67f1f6280 DEOPT UNPACKING pc=0x000001c607586da2 sp=0x0000002d6d6fccc0 mode 2
Event: 4.489 Thread 0x000001c67f1f6280 Uncommon trap: trap_request=0xffffffc6 fr.pc=0x000001c607da0ac8 relative=0x00000000000003a8
Event: 4.489 Thread 0x000001c67f1f6280 Uncommon trap: reason=bimorphic_or_optimized_type_check action=maybe_recompile pc=0x000001c607da0ac8 method=java.lang.reflect.Field.get(Ljava/lang/Object;)Ljava/lang/Object; @ 33 c2
Event: 4.489 Thread 0x000001c67f1f6280 DEOPT PACKING pc=0x000001c607da0ac8 sp=0x0000002d6d6fc5e0
Event: 4.489 Thread 0x000001c67f1f6280 DEOPT UNPACKING pc=0x000001c607586da2 sp=0x0000002d6d6fc580 mode 2
Event: 4.494 Thread 0x000001c67f1f6280 Uncommon trap: trap_request=0xffffffc6 fr.pc=0x000001c607da0ac8 relative=0x00000000000003a8
Event: 4.494 Thread 0x000001c67f1f6280 Uncommon trap: reason=bimorphic_or_optimized_type_check action=maybe_recompile pc=0x000001c607da0ac8 method=java.lang.reflect.Field.get(Ljava/lang/Object;)Ljava/lang/Object; @ 33 c2
Event: 4.494 Thread 0x000001c67f1f6280 DEOPT PACKING pc=0x000001c607da0ac8 sp=0x0000002d6d6fcd20
Event: 4.494 Thread 0x000001c67f1f6280 DEOPT UNPACKING pc=0x000001c607586da2 sp=0x0000002d6d6fccc0 mode 2

Classes loaded (20 events):
Event: 3.213 Loading class java/lang/ExceptionInInitializerError
Event: 3.213 Loading class java/lang/ExceptionInInitializerError done
Event: 3.277 Loading class sun/misc/Unsafe
Event: 3.278 Loading class sun/misc/Unsafe done
Event: 3.416 Loading class java/util/Vector$1
Event: 3.416 Loading class java/util/Vector$1 done
Event: 3.638 Loading class java/util/regex/Pattern$Caret
Event: 3.638 Loading class java/util/regex/Pattern$Caret done
Event: 3.721 Loading class java/util/regex/Pattern$Pos
Event: 3.721 Loading class java/util/regex/Pattern$Pos done
Event: 3.960 Loading class java/util/Hashtable$ValueCollection
Event: 3.960 Loading class java/util/Hashtable$ValueCollection done
Event: 4.008 Loading class java/util/WeakHashMap$KeyIterator
Event: 4.009 Loading class java/util/WeakHashMap$KeyIterator done
Event: 4.064 Loading class java/util/stream/ReduceOps$4
Event: 4.064 Loading class java/util/stream/ReduceOps$4 done
Event: 4.064 Loading class java/util/stream/ReduceOps$4ReducingSink
Event: 4.064 Loading class java/util/stream/ReduceOps$4ReducingSink done
Event: 4.113 Loading class java/util/ImmutableCollections$SubList
Event: 4.114 Loading class java/util/ImmutableCollections$SubList done

Classes unloaded (7 events):
Event: 1.998 Thread 0x000001c6733de9a0 Unloading class 0x000001c61018cc00 'java/lang/invoke/LambdaForm$MH+0x000001c61018cc00'
Event: 1.998 Thread 0x000001c6733de9a0 Unloading class 0x000001c61018c800 'java/lang/invoke/LambdaForm$MH+0x000001c61018c800'
Event: 1.998 Thread 0x000001c6733de9a0 Unloading class 0x000001c61018c400 'java/lang/invoke/LambdaForm$MH+0x000001c61018c400'
Event: 1.998 Thread 0x000001c6733de9a0 Unloading class 0x000001c61018c000 'java/lang/invoke/LambdaForm$MH+0x000001c61018c000'
Event: 1.998 Thread 0x000001c6733de9a0 Unloading class 0x000001c61018bc00 'java/lang/invoke/LambdaForm$BMH+0x000001c61018bc00'
Event: 1.998 Thread 0x000001c6733de9a0 Unloading class 0x000001c61018b800 'java/lang/invoke/LambdaForm$DMH+0x000001c61018b800'
Event: 1.998 Thread 0x000001c6733de9a0 Unloading class 0x000001c61018a400 'java/lang/invoke/LambdaForm$DMH+0x000001c61018a400'

Classes redefined (0 events):
No events

Internal exceptions (20 events):
Event: 2.772 Thread 0x000001c67f1f6280 Exception <a 'java/lang/NoSuchMethodError'{0x00000000d61c44e0}: 'java.lang.Object java.lang.invoke.DirectMethodHandle$Holder.invokeStaticInit(java.lang.Object, java.lang.Object, java.lang.Object, java.lang.Object, java.lang.Object, java.lang.Object, java.lang.Object)'> (0x00000000d61c44e0) 
thrown [s\src\hotspot\share\interpreter\linkResolver.cpp, line 773]
Event: 2.773 Thread 0x000001c67f1f6280 Exception <a 'java/lang/NoSuchMethodError'{0x00000000d61c96f0}: 'java.lang.Object java.lang.invoke.Invokers$Holder.invoke_MT(java.lang.Object, java.lang.Object, java.lang.Object, java.lang.Object, java.lang.Object, java.lang.Object, java.lang.Object, java.lang.Object, java.lang.Object, java.lang.Object)'> (0x00000000d61c96f0) 
thrown [s\src\hotspot\share\interpreter\linkResolver.cpp, line 773]
Event: 2.775 Thread 0x000001c67f1f6280 Exception <a 'java/lang/NoSuchMethodError'{0x00000000d62095f0}: 'int java.lang.invoke.DirectMethodHandle$Holder.invokeVirtual(java.lang.Object, java.lang.Object, java.lang.Object)'> (0x00000000d62095f0) 
thrown [s\src\hotspot\share\interpreter\linkResolver.cpp, line 773]
Event: 2.775 Thread 0x000001c67f1f6280 Exception <a 'java/lang/NoSuchMethodError'{0x00000000d620d998}: 'int java.lang.invoke.DirectMethodHandle$Holder.invokeStaticInit(java.lang.Object, int, int)'> (0x00000000d620d998) 
thrown [s\src\hotspot\share\interpreter\linkResolver.cpp, line 773]
Event: 2.775 Thread 0x000001c67f1f6280 Exception <a 'java/lang/NoSuchMethodError'{0x00000000d6215140}: 'int java.lang.invoke.DirectMethodHandle$Holder.invokeStaticInit(java.lang.Object, long, long)'> (0x00000000d6215140) 
thrown [s\src\hotspot\share\interpreter\linkResolver.cpp, line 773]
Event: 2.775 Thread 0x000001c67f1f6280 Exception <a 'java/lang/NoSuchMethodError'{0x00000000d621be88}: 'int java.lang.invoke.DirectMethodHandle$Holder.invokeStaticInit(java.lang.Object, float, float)'> (0x00000000d621be88) 
thrown [s\src\hotspot\share\interpreter\linkResolver.cpp, line 773]
Event: 2.776 Thread 0x000001c67f1f6280 Exception <a 'java/lang/NoSuchMethodError'{0x00000000d6223008}: 'int java.lang.invoke.DirectMethodHandle$Holder.invokeStaticInit(java.lang.Object, double, double)'> (0x00000000d6223008) 
thrown [s\src\hotspot\share\interpreter\linkResolver.cpp, line 773]
Event: 2.776 Thread 0x000001c67f1f6280 Exception <a 'java/lang/NoSuchMethodError'{0x00000000d6227820}: 'int java.lang.invoke.DirectMethodHandle$Holder.invokeStatic(java.lang.Object, long)'> (0x00000000d6227820) 
thrown [s\src\hotspot\share\interpreter\linkResolver.cpp, line 773]
Event: 2.777 Thread 0x000001c67f1f6280 Exception <a 'java/lang/NoSuchMethodError'{0x00000000d62468b0}: 'int java.lang.invoke.Invokers$Holder.linkToTargetMethod(java.lang.Object, java.lang.Object)'> (0x00000000d62468b0) 
thrown [s\src\hotspot\share\interpreter\linkResolver.cpp, line 773]
Event: 3.195 Thread 0x000001c67f1f6280 Exception <a 'java/lang/NoSuchMethodError'{0x00000000d5be6e60}: 'int java.lang.invoke.Invokers$Holder.invokeExact_MT(java.lang.Object, java.lang.Object)'> (0x00000000d5be6e60) 
thrown [s\src\hotspot\share\interpreter\linkResolver.cpp, line 773]
Event: 3.283 Thread 0x000001c67f1f6280 Exception <a 'java/lang/NoSuchMethodError'{0x00000000d62c1590}: 'java.lang.Object java.lang.invoke.DirectMethodHandle$Holder.invokeVirtual(java.lang.Object, java.lang.Object, int)'> (0x00000000d62c1590) 
thrown [s\src\hotspot\share\interpreter\linkResolver.cpp, line 773]
Event: 3.746 Thread 0x000001c67f1f6280 Exception <a 'java/lang/NoSuchMethodError'{0x00000000d67f3b50}: 'java.lang.Object java.lang.invoke.DirectMethodHandle$Holder.invokeStatic(java.lang.Object, java.lang.Object, int, int)'> (0x00000000d67f3b50) 
thrown [s\src\hotspot\share\interpreter\linkResolver.cpp, line 773]
Event: 3.747 Thread 0x000001c67f1f6280 Exception <a 'java/lang/NoSuchMethodError'{0x00000000d67f81f0}: 'java.lang.Object java.lang.invoke.DirectMethodHandle$Holder.invokeSpecial(java.lang.Object, java.lang.Object, java.lang.Object, int, int)'> (0x00000000d67f81f0) 
thrown [s\src\hotspot\share\interpreter\linkResolver.cpp, line 773]
Event: 4.027 Thread 0x000001c67f1f6280 Exception <a 'java/lang/NoSuchMethodError'{0x00000000d5eee328}: 'int java.lang.invoke.DirectMethodHandle$Holder.invokeInterface(java.lang.Object, java.lang.Object)'> (0x00000000d5eee328) 
thrown [s\src\hotspot\share\interpreter\linkResolver.cpp, line 773]
Event: 4.027 Thread 0x000001c67f1f6280 Exception <a 'java/lang/IncompatibleClassChangeError'{0x00000000d5ef15f8}: Found class java.lang.Object, but interface was expected> (0x00000000d5ef15f8) 
thrown [s\src\hotspot\share\interpreter\linkResolver.cpp, line 840]
Event: 4.066 Thread 0x000001c67f1f6280 Exception <a 'java/lang/NoSuchMethodError'{0x00000000d62580a8}: 'int java.lang.invoke.DirectMethodHandle$Holder.invokeSpecialIFC(java.lang.Object, java.lang.Object, java.lang.Object)'> (0x00000000d62580a8) 
thrown [s\src\hotspot\share\interpreter\linkResolver.cpp, line 773]
Event: 4.138 Thread 0x000001c67f1f6280 Exception <a 'java/lang/NoSuchMethodError'{0x00000000d670bd88}: 'int java.lang.invoke.DirectMethodHandle$Holder.invokeSpecial(java.lang.Object, java.lang.Object, java.lang.Object, java.lang.Object)'> (0x00000000d670bd88) 
thrown [s\src\hotspot\share\interpreter\linkResolver.cpp, line 773]
Event: 4.198 Thread 0x000001c67f1f6280 Exception <a 'java/io/FileNotFoundException'{0x00000000d56c9260}> (0x00000000d56c9260) 
thrown [s\src\hotspot\share\prims\jni.cpp, line 520]
Event: 4.198 Thread 0x000001c67f1f6280 Exception <a 'java/io/FileNotFoundException'{0x00000000d56ca540}> (0x00000000d56ca540) 
thrown [s\src\hotspot\share\prims\jni.cpp, line 520]
Event: 4.198 Thread 0x000001c67f1f6280 Exception <a 'java/io/FileNotFoundException'{0x00000000d56cb578}> (0x00000000d56cb578) 
thrown [s\src\hotspot\share\prims\jni.cpp, line 520]

ZGC Phase Switch (0 events):
No events

VM Operations (20 events):
Event: 3.916 Executing safepoint VM operation: ParallelGCFailedAllocation (Allocation Failure)
Event: 3.916 Executing safepoint VM operation: ParallelGCFailedAllocation (Allocation Failure) done
Event: 3.949 Executing non-safepoint VM operation: HandshakeAllThreads (Deoptimize)
Event: 3.949 Executing non-safepoint VM operation: HandshakeAllThreads (Deoptimize) done
Event: 4.068 Executing non-safepoint VM operation: HandshakeAllThreads (Deoptimize)
Event: 4.068 Executing non-safepoint VM operation: HandshakeAllThreads (Deoptimize) done
Event: 4.104 Executing non-safepoint VM operation: HandshakeAllThreads (Deoptimize)
Event: 4.104 Executing non-safepoint VM operation: HandshakeAllThreads (Deoptimize) done
Event: 4.114 Executing non-safepoint VM operation: HandshakeAllThreads (Deoptimize)
Event: 4.114 Executing non-safepoint VM operation: HandshakeAllThreads (Deoptimize) done
Event: 4.179 Executing safepoint VM operation: ParallelGCFailedAllocation (Allocation Failure)
Event: 4.181 Executing safepoint VM operation: ParallelGCFailedAllocation (Allocation Failure) done
Event: 4.193 Executing non-safepoint VM operation: HandshakeAllThreads (Deoptimize)
Event: 4.193 Executing non-safepoint VM operation: HandshakeAllThreads (Deoptimize) done
Event: 4.292 Executing safepoint VM operation: ICBufferFull
Event: 4.292 Executing safepoint VM operation: ICBufferFull done
Event: 4.374 Executing safepoint VM operation: ParallelGCFailedAllocation (Allocation Failure)
Event: 4.376 Executing safepoint VM operation: ParallelGCFailedAllocation (Allocation Failure) done
Event: 4.495 Executing safepoint VM operation: ICBufferFull
Event: 4.496 Executing safepoint VM operation: ICBufferFull done

Memory protections (0 events):
No events

Nmethod flushes (20 events):
Event: 3.488 Thread 0x000001c6733de9a0 flushing  nmethod 0x000001c600353310
Event: 3.488 Thread 0x000001c6733de9a0 flushing  nmethod 0x000001c600359290
Event: 3.488 Thread 0x000001c6733de9a0 flushing  nmethod 0x000001c6003d3590
Event: 3.488 Thread 0x000001c6733de9a0 flushing  nmethod 0x000001c60041dc90
Event: 3.488 Thread 0x000001c6733de9a0 flushing  nmethod 0x000001c600421390
Event: 3.488 Thread 0x000001c6733de9a0 flushing  nmethod 0x000001c600441990
Event: 3.488 Thread 0x000001c6733de9a0 flushing  nmethod 0x000001c600442390
Event: 3.488 Thread 0x000001c6733de9a0 flushing  nmethod 0x000001c600448110
Event: 3.488 Thread 0x000001c6733de9a0 flushing  nmethod 0x000001c600479410
Event: 3.488 Thread 0x000001c6733de9a0 flushing  nmethod 0x000001c60047db10
Event: 3.488 Thread 0x000001c6733de9a0 flushing  nmethod 0x000001c60047e190
Event: 3.488 Thread 0x000001c6733de9a0 flushing  nmethod 0x000001c6004aa610
Event: 3.488 Thread 0x000001c6733de9a0 flushing  nmethod 0x000001c6004ab310
Event: 3.488 Thread 0x000001c6733de9a0 flushing  nmethod 0x000001c6004ab710
Event: 3.488 Thread 0x000001c6733de9a0 flushing  nmethod 0x000001c6004ac090
Event: 3.488 Thread 0x000001c6733de9a0 flushing  nmethod 0x000001c6004b4d90
Event: 3.488 Thread 0x000001c6733de9a0 flushing  nmethod 0x000001c6004bcd90
Event: 3.488 Thread 0x000001c6733de9a0 flushing  nmethod 0x000001c6004bd290
Event: 3.488 Thread 0x000001c6733de9a0 flushing  nmethod 0x000001c6004c1d90
Event: 3.488 Thread 0x000001c6733de9a0 flushing  nmethod 0x000001c6004c7810

Events (20 events):
Event: 1.655 Thread 0x000001c67d1b7ae0 Thread added: 0x000001c67d8479b0
Event: 1.684 Thread 0x000001c67d1b7ae0 Thread added: 0x000001c67d6680f0
Event: 1.702 Thread 0x000001c67d1b7ae0 Thread added: 0x000001c67d8a8270
Event: 2.196 Thread 0x000001c67d1b7ae0 Thread added: 0x000001c67d8a5480
Event: 2.252 Thread 0x000001c67d8a5480 Thread exited: 0x000001c67d8a5480
Event: 2.402 Thread 0x000001c67331d700 Thread added: 0x000001c67d8a7550
Event: 2.403 Thread 0x000001c67331d700 Thread added: 0x000001c67d8a5480
Event: 2.403 Thread 0x000001c67331d700 Thread added: 0x000001c67d8a6ec0
Event: 2.403 Thread 0x000001c67331d700 Thread added: 0x000001c67d8a6830
Event: 2.403 Thread 0x000001c67331d700 Thread added: 0x000001c67d8a5b10
Event: 2.403 Thread 0x000001c67331d700 Thread added: 0x000001c67d8a61a0
Event: 2.403 Thread 0x000001c67331d700 Thread added: 0x000001c67d8a7be0
Event: 2.403 Thread 0x000001c67331d700 Thread added: 0x000001c67f1f7cc0
Event: 2.403 Thread 0x000001c67331d700 Thread added: 0x000001c67f1f8350
Event: 2.419 Thread 0x000001c67331d700 Thread added: 0x000001c67f1f6fa0
Event: 2.491 Thread 0x000001c67d6680f0 Thread added: 0x000001c67f1f5560
Event: 2.492 Thread 0x000001c67d6680f0 Thread added: 0x000001c67f1f4ed0
Event: 2.527 Thread 0x000001c67331d700 Thread added: 0x000001c67f1f6910
Event: 2.527 Thread 0x000001c67331d700 Thread added: 0x000001c67f1f6280
Event: 3.416 Thread 0x000001c67cab2a20 Thread exited: 0x000001c67cab2a20


Dynamic libraries:
0x00007ff6328c0000 - 0x00007ff6328ce000 	c:\Users\emmmz\.antigravity\extensions\redhat.java-1.54.0-win32-x64\jre\21.0.10-win32-x86_64\bin\java.exe
0x00007fff55620000 - 0x00007fff55887000 	C:\WINDOWS\SYSTEM32\ntdll.dll
0x00007fff541e0000 - 0x00007fff542a9000 	C:\WINDOWS\System32\KERNEL32.DLL
0x00007fff52c00000 - 0x00007fff52ff4000 	C:\WINDOWS\System32\KERNELBASE.dll
0x00007fff51ef0000 - 0x00007fff5203b000 	C:\WINDOWS\System32\ucrtbase.dll
0x00007fff43670000 - 0x00007fff4368e000 	c:\Users\emmmz\.antigravity\extensions\redhat.java-1.54.0-win32-x64\jre\21.0.10-win32-x86_64\bin\VCRUNTIME140.dll
0x00007fff203c0000 - 0x00007fff203d8000 	c:\Users\emmmz\.antigravity\extensions\redhat.java-1.54.0-win32-x64\jre\21.0.10-win32-x86_64\bin\jli.dll
0x00007fff55410000 - 0x00007fff555d5000 	C:\WINDOWS\System32\USER32.dll
0x00007fff34150000 - 0x00007fff343e3000 	C:\WINDOWS\WinSxS\amd64_microsoft.windows.common-controls_6595b64144ccf1df_6.0.26100.8115_none_3e075c82e3354f9c\COMCTL32.dll
0x00007fff520d0000 - 0x00007fff520f7000 	C:\WINDOWS\System32\win32u.dll
0x00007fff552d0000 - 0x00007fff55379000 	C:\WINDOWS\System32\msvcrt.dll
0x00007fff54c50000 - 0x00007fff54c7b000 	C:\WINDOWS\System32\GDI32.dll
0x00007fff52a20000 - 0x00007fff52b4b000 	C:\WINDOWS\System32\gdi32full.dll
0x00007fff52b50000 - 0x00007fff52bf3000 	C:\WINDOWS\System32\msvcp_win.dll
0x00007fff54890000 - 0x00007fff548c2000 	C:\WINDOWS\System32\IMM32.DLL
0x00007fff4f610000 - 0x00007fff4f61c000 	c:\Users\emmmz\.antigravity\extensions\redhat.java-1.54.0-win32-x64\jre\21.0.10-win32-x86_64\bin\vcruntime140_1.dll
0x00007ffecc890000 - 0x00007ffecc91d000 	c:\Users\emmmz\.antigravity\extensions\redhat.java-1.54.0-win32-x64\jre\21.0.10-win32-x86_64\bin\msvcp140.dll
0x00007ffeb0e90000 - 0x00007ffeb1c31000 	c:\Users\emmmz\.antigravity\extensions\redhat.java-1.54.0-win32-x64\jre\21.0.10-win32-x86_64\bin\server\jvm.dll
0x00007fff54d80000 - 0x00007fff54e36000 	C:\WINDOWS\System32\ADVAPI32.dll
0x00007fff539c0000 - 0x00007fff53a67000 	C:\WINDOWS\System32\sechost.dll
0x00007fff548d0000 - 0x00007fff549e8000 	C:\WINDOWS\System32\RPCRT4.dll
0x00007fff54330000 - 0x00007fff543b0000 	C:\WINDOWS\System32\WS2_32.dll
0x00007fff51d50000 - 0x00007fff51dae000 	C:\WINDOWS\SYSTEM32\POWRPROF.dll
0x00007fff41980000 - 0x00007fff419b6000 	C:\WINDOWS\SYSTEM32\WINMM.dll
0x00007fff4b900000 - 0x00007fff4b90b000 	C:\WINDOWS\SYSTEM32\VERSION.dll
0x00007fff51d30000 - 0x00007fff51d44000 	C:\WINDOWS\SYSTEM32\UMPDC.dll
0x00007fff50c50000 - 0x00007fff50c6b000 	C:\WINDOWS\SYSTEM32\kernel.appcore.dll
0x00007fff3cf60000 - 0x00007fff3cf6a000 	c:\Users\emmmz\.antigravity\extensions\redhat.java-1.54.0-win32-x64\jre\21.0.10-win32-x86_64\bin\jimage.dll
0x00007fff4cfa0000 - 0x00007fff4d1e2000 	C:\WINDOWS\SYSTEM32\DBGHELP.DLL
0x00007fff53450000 - 0x00007fff537d2000 	C:\WINDOWS\System32\combase.dll
0x00007fff54590000 - 0x00007fff54668000 	C:\WINDOWS\System32\OLEAUT32.dll
0x00007fff38580000 - 0x00007fff385bb000 	C:\WINDOWS\SYSTEM32\dbgcore.DLL
0x00007fff52970000 - 0x00007fff52a15000 	C:\WINDOWS\System32\bcryptPrimitives.dll
0x00007fff2d9a0000 - 0x00007fff2d9af000 	c:\Users\emmmz\.antigravity\extensions\redhat.java-1.54.0-win32-x64\jre\21.0.10-win32-x86_64\bin\instrument.dll
0x00007ffee1ce0000 - 0x00007ffee1d00000 	c:\Users\emmmz\.antigravity\extensions\redhat.java-1.54.0-win32-x64\jre\21.0.10-win32-x86_64\bin\java.dll
0x00007fff53a70000 - 0x00007fff541d7000 	C:\WINDOWS\System32\SHELL32.dll
0x00007fff53240000 - 0x00007fff533aa000 	C:\WINDOWS\System32\wintypes.dll
0x00007fff52100000 - 0x00007fff52968000 	C:\WINDOWS\System32\windows.storage.dll
0x00007fff549f0000 - 0x00007fff54ae8000 	C:\WINDOWS\System32\SHCORE.dll
0x00007fff54c80000 - 0x00007fff54ce6000 	C:\WINDOWS\System32\shlwapi.dll
0x00007fff51e10000 - 0x00007fff51e39000 	C:\WINDOWS\SYSTEM32\profapi.dll
0x00007ffee0250000 - 0x00007ffee0268000 	c:\Users\emmmz\.antigravity\extensions\redhat.java-1.54.0-win32-x64\jre\21.0.10-win32-x86_64\bin\zip.dll
0x00007fff29920000 - 0x00007fff29930000 	C:\Users\emmmz\.antigravity\extensions\redhat.java-1.54.0-win32-x64\jre\21.0.10-win32-x86_64\bin\net.dll
0x00007fff4b390000 - 0x00007fff4b4bd000 	C:\WINDOWS\SYSTEM32\WINHTTP.dll
0x00007fff511f0000 - 0x00007fff5125c000 	C:\WINDOWS\system32\mswsock.dll
0x00007ffee0190000 - 0x00007ffee01a6000 	C:\Users\emmmz\.antigravity\extensions\redhat.java-1.54.0-win32-x64\jre\21.0.10-win32-x86_64\bin\nio.dll
0x00007fff29110000 - 0x00007fff29120000 	c:\Users\emmmz\.antigravity\extensions\redhat.java-1.54.0-win32-x64\jre\21.0.10-win32-x86_64\bin\verify.dll
0x00007ffede580000 - 0x00007ffede5c5000 	C:\Users\emmmz\AppData\Roaming\Antigravity\User\globalStorage\redhat.java\1.54.0\config_ss_win\org.eclipse.equinox.launcher\org.eclipse.equinox.launcher.win32.win32.x86_64_1.3.0.v20260203-2149\eclipse_11919.dll
0x00007fff546f0000 - 0x00007fff54887000 	C:\WINDOWS\System32\ole32.dll
0x00007fff514d0000 - 0x00007fff514eb000 	C:\WINDOWS\SYSTEM32\CRYPTSP.dll
0x00007fff50bb0000 - 0x00007fff50be9000 	C:\WINDOWS\system32\rsaenh.dll
0x00007fff512a0000 - 0x00007fff512d3000 	C:\WINDOWS\SYSTEM32\USERENV.dll
0x00007fff51de0000 - 0x00007fff51e0a000 	C:\WINDOWS\SYSTEM32\bcrypt.dll
0x00007fff514f0000 - 0x00007fff514fc000 	C:\WINDOWS\SYSTEM32\CRYPTBASE.dll
0x00007fff50620000 - 0x00007fff50652000 	C:\WINDOWS\SYSTEM32\IPHLPAPI.DLL
0x00007fff55400000 - 0x00007fff5540a000 	C:\WINDOWS\System32\NSI.dll
0x00007ffedd7f0000 - 0x00007ffedd839000 	C:\Users\emmmz\AppData\Local\Temp\jna-96631090\jna10302153901155914106.dll
0x00007fff54580000 - 0x00007fff54588000 	C:\WINDOWS\System32\PSAPI.DLL
0x00007fff4bc10000 - 0x00007fff4bc2d000 	C:\WINDOWS\SYSTEM32\dhcpcsvc6.DLL
0x00007fff4bbe0000 - 0x00007fff4bc05000 	C:\WINDOWS\SYSTEM32\dhcpcsvc.DLL

JVMTI agents:
c:\Users\emmmz\.antigravity\extensions\redhat.java-1.54.0-win32-x64\lombok\lombok-1.18.39-4050.jar path:c:\Users\emmmz\.antigravity\extensions\redhat.java-1.54.0-win32-x64\jre\21.0.10-win32-x86_64\bin\instrument.dll, loaded, initialized, instrumentlib options:none

dbghelp: loaded successfully - version: 4.0.5 - missing functions: none
symbol engine: initialized successfully - sym options: 0x614 - pdb path: .;c:\Users\emmmz\.antigravity\extensions\redhat.java-1.54.0-win32-x64\jre\21.0.10-win32-x86_64\bin;C:\WINDOWS\SYSTEM32;C:\WINDOWS\WinSxS\amd64_microsoft.windows.common-controls_6595b64144ccf1df_6.0.26100.8115_none_3e075c82e3354f9c;c:\Users\emmmz\.antigravity\extensions\redhat.java-1.54.0-win32-x64\jre\21.0.10-win32-x86_64\bin\server;C:\Users\emmmz\AppData\Roaming\Antigravity\User\globalStorage\redhat.java\1.54.0\config_ss_win\org.eclipse.equinox.launcher\org.eclipse.equinox.launcher.win32.win32.x86_64_1.3.0.v20260203-2149;C:\Users\emmmz\AppData\Local\Temp\jna-96631090

VM Arguments:
jvm_args: --add-modules=ALL-SYSTEM --add-opens=java.base/java.util=ALL-UNNAMED --add-opens=java.base/java.lang=ALL-UNNAMED --add-opens=java.base/sun.nio.fs=ALL-UNNAMED -Declipse.application=org.eclipse.jdt.ls.core.id1 -Dosgi.bundles.defaultStartLevel=4 -Declipse.product=org.eclipse.jdt.ls.core.product -Djava.import.generatesMetadataFilesAtProjectRoot=false -DDetectVMInstallationsJob.disabled=true -Dfile.encoding=utf8 -XX:+UseParallelGC -XX:GCTimeRatio=4 -XX:AdaptiveSizePolicyWeight=90 -Dsun.zip.disableMemoryMapping=true -Xmx2G -Xms100m -Xlog:disable -javaagent:c:\Users\emmmz\.antigravity\extensions\redhat.java-1.54.0-win32-x64\lombok\lombok-1.18.39-4050.jar 
java_command: c:\Users\emmmz\.antigravity\extensions\redhat.java-1.54.0-win32-x64\server\plugins\org.eclipse.equinox.launcher_1.7.100.v20251111-0406.jar -configuration c:\Users\emmmz\AppData\Roaming\Antigravity\User\globalStorage\redhat.java\1.54.0\config_ss_win -data c:\Users\emmmz\AppData\Roaming\Antigravity\User\workspaceStorage\debb8048bde81df6f61a2d5c32a8e99b\redhat.java\ss_ws --pipe=\\.\pipe\lsp-4cec1cb4ba713d1168bf96054bbf4f5b-sock
java_class_path (initial): c:\Users\emmmz\.antigravity\extensions\redhat.java-1.54.0-win32-x64\server\plugins\org.eclipse.equinox.launcher_1.7.100.v20251111-0406.jar
Launcher Type: SUN_STANDARD

[Global flags]
    uintx AdaptiveSizePolicyWeight                 = 90                                        {product} {command line}
     intx CICompilerCount                          = 4                                         {product} {ergonomic}
    uintx GCTimeRatio                              = 4                                         {product} {command line}
   size_t InitialHeapSize                          = 104857600                                 {product} {command line}
   size_t MaxHeapSize                              = 2147483648                                {product} {command line}
   size_t MaxNewSize                               = 715653120                                 {product} {ergonomic}
   size_t MinHeapDeltaBytes                        = 524288                                    {product} {ergonomic}
   size_t MinHeapSize                              = 104857600                                 {product} {command line}
   size_t NewSize                                  = 34603008                                  {product} {ergonomic}
    uintx NonNMethodCodeHeapSize                   = 5839372                                {pd product} {ergonomic}
    uintx NonProfiledCodeHeapSize                  = 122909434                              {pd product} {ergonomic}
   size_t OldSize                                  = 70254592                                  {product} {ergonomic}
    uintx ProfiledCodeHeapSize                     = 122909434                              {pd product} {ergonomic}
    uintx ReservedCodeCacheSize                    = 251658240                              {pd product} {ergonomic}
     bool SegmentedCodeCache                       = true                                      {product} {ergonomic}
   size_t SoftMaxHeapSize                          = 2147483648                             {manageable} {ergonomic}
     bool UseCompressedOops                        = true                           {product lp64_product} {ergonomic}
     bool UseLargePagesIndividualAllocation        = false                                  {pd product} {ergonomic}
     bool UseParallelGC                            = true                                      {product} {command line}

Logging:
Log output configuration:
 #0: stdout all=off uptime,level,tags foldmultilines=false
 #1: stderr all=off uptime,level,tags foldmultilines=false

Release file:
JAVA_VERSION="21.0.10" 
MODULES="java.base java.compiler java.datatransfer java.xml java.prefs java.desktop java.instrument java.logging java.management java.security.sasl java.naming java.rmi java.management.rmi java.net.http java.scripting java.security.jgss java.transaction.xa java.sql java.sql.rowset java.xml.crypto java.se java.smartcardio jdk.accessibility jdk.internal.jvmstat jdk.attach jdk.charsets jdk.internal.opt jdk.zipfs jdk.compiler jdk.crypto.ec jdk.crypto.cryptoki jdk.crypto.mscapi jdk.dynalink jdk.internal.ed jdk.editpad jdk.hotspot.agent jdk.httpserver jdk.internal.le jdk.internal.vm.ci jdk.internal.vm.compiler jdk.internal.vm.compiler.management jdk.jartool jdk.javadoc jdk.jcmd jdk.management jdk.management.agent jdk.jconsole jdk.jdeps jdk.jdwp.agent jdk.jdi jdk.jfr jdk.jshell jdk.jsobject jdk.jstatd jdk.localedata jdk.management.jfr jdk.naming.dns jdk.naming.rmi jdk.net jdk.nio.mapmode jdk.random jdk.sctp jdk.security.auth jdk.security.jgss jdk.unsupported jdk.unsupported.desktop jdk.xml.dom" 

Environment Variables:
PATH=C:\xampp_lite_8_4\apps\php;C:\Python313\Scripts\;C:\Python313\;C:\Program Files (x86)\NVIDIA Corporation\PhysX\Common;C:\Program Files\Common Files\Oracle\Java\javapath;C:\oraclexe\app\oracle\product\11.2.0\server\bin;C:\Windows\System32\HWAudioDriverLibs;C:\Windows\system32;C:\Windows;C:\Windows\System32\Wbem;C:\Windows\System32\WindowsPowerShell\v1.0\;C:\Windows\System32\OpenSSH\;C:\Users\Administrator\AppData\Local\Microsoft\WindowsApps;C:\WINDOWS\system32;C:\WINDOWS;C:\WINDOWS\System32\Wbem;C:\WINDOWS\System32\WindowsPowerShell\v1.0\;C:\WINDOWS\System32\OpenSSH\;C:\Program Files\Microsoft SQL Server\120\Tools\Binn\;C:\Program Files\Common Files\Autodesk Shared\;C:\Program Files\dotnet\;C:\Windows\SysWow64\;C:\Program Files\Git\cmd;D:\ComposerSetup;C:\sqlite3;C:\Program Files\nodejs\;C:\ProgramData\chocolatey\bin;C:\Program Files\Microsoft SQL Server\150\Tools\Binn\;C:\WINDOWS\system32;C:\WINDOWS;C:\WINDOWS\System32\Wbem;C:\WINDOWS\System32\WindowsPowerShell\v1.0\;C:\WINDOWS\System32\OpenSSH\;C:\ProgramData\ComposerSetup\bin;;C:\Users\emmmz\AppData\Local\Programs\Microsoft VS Code\bin;C:\Users\emmmz\AppData\Local\Programs\Antigravity\bin
USERNAME=emmmz
OS=Windows_NT
PROCESSOR_IDENTIFIER=Intel64 Family 6 Model 140 Stepping 1, GenuineIntel
TMP=C:\Users\emmmz\AppData\Local\Temp
TEMP=C:\Users\emmmz\AppData\Local\Temp




Periodic native trim disabled

---------------  S Y S T E M  ---------------

OS:
 Windows 11 , 64 bit Build 26100 (10.0.26100.8246)
OS uptime: 0 days 6:08 hours
Hyper-V role detected

CPU: total 8 (initial active 8) (4 cores per cpu, 2 threads per core) family 6 model 140 stepping 1 microcode 0x8a, cx8, cmov, fxsr, ht, mmx, 3dnowpref, sse, sse2, sse3, ssse3, sse4.1, sse4.2, popcnt, lzcnt, tsc, tscinvbit, avx, avx2, aes, erms, clmul, bmi1, bmi2, adx, avx512f, avx512dq, avx512cd, avx512bw, avx512vl, sha, fma, vzeroupper, avx512_vpopcntdq, avx512_vpclmulqdq, avx512_vaes, avx512_vnni, clflush, clflushopt, clwb, avx512_vbmi2, avx512_vbmi, hv, rdtscp, rdpid, fsrm, gfni, avx512_bitalg, f16c, cet_ibt, cet_ss, avx512_ifma
Processor Information for the first 8 processors :
  Max Mhz: 2419, Current Mhz: 2419, Mhz Limit: 2419

Memory: 4k page, system-wide physical 7991M (564M free)
TotalPageFile size 16183M (AvailPageFile size 9M)
current process WorkingSet (physical memory assigned to process): 210M, peak: 210M
current process commit charge ("private bytes"): 318M, peak: 319M

vm_info: OpenJDK 64-Bit Server VM (21.0.10+7-LTS) for windows-amd64 JRE (21.0.10+7-LTS), built on 2026-01-20T00:00:00Z by "admin" with MS VC++ 17.12 (VS2022)

END.
